<?xml version="1.0" encoding="UTF-8"?>
<testng-results ignored="0" total="1" passed="1" failed="0" skipped="0">
  <reporter-output>
    <line>
      <![CDATA[Amruta Deshmukh]]>
    </line>
    <line>
      <![CDATA[Amruta Deshmukh]]>
    </line>
  </reporter-output>
  <suite started-at="2022-11-19T11:59:37 IST" name="Default suite" finished-at="2022-11-19T11:59:52 IST" duration-ms="15610">
    <groups>
    </groups>
    <test started-at="2022-11-19T11:59:37 IST" name="Default test" finished-at="2022-11-19T11:59:52 IST" duration-ms="15610">
      <class name="FB_TestClass.Facebook_4TestClass">
        <test-method is-config="true" signature="openBrowser()[pri:0, instance:FB_TestClass.Facebook_4TestClass@71809907]" started-at="2022-11-19T11:59:37 IST" name="openBrowser" finished-at="2022-11-19T11:59:41 IST" duration-ms="3773" status="PASS">
          <reporter-output>
          </reporter-output>
        </test-method> <!-- openBrowser -->
        <test-method is-config="true" signature="getLogin()[pri:0, instance:FB_TestClass.Facebook_4TestClass@71809907]" started-at="2022-11-19T11:59:41 IST" name="getLogin" finished-at="2022-11-19T11:59:41 IST" duration-ms="273" status="PASS">
          <reporter-output>
          </reporter-output>
        </test-method> <!-- getLogin -->
        <test-method signature="verifyUN()[pri:0, instance:FB_TestClass.Facebook_4TestClass@71809907]" started-at="2022-11-19T11:59:41 IST" name="verifyUN" finished-at="2022-11-19T11:59:49 IST" duration-ms="8464" status="PASS">
          <reporter-output>
            <line>
              <![CDATA[Amruta Deshmukh]]>
            </line>
            <line>
              <![CDATA[Amruta Deshmukh]]>
            </line>
          </reporter-output>
        </test-method> <!-- verifyUN -->
        <test-method is-config="true" signature="logout()[pri:0, instance:FB_TestClass.Facebook_4TestClass@71809907]" started-at="2022-11-19T11:59:49 IST" name="logout" finished-at="2022-11-19T11:59:52 IST" duration-ms="3062" status="PASS">
          <reporter-output>
          </reporter-output>
        </test-method> <!-- logout -->
        <test-method is-config="true" signature="browserclose()[pri:0, instance:FB_TestClass.Facebook_4TestClass@71809907]" started-at="2022-11-19T11:59:52 IST" name="browserclose" finished-at="2022-11-19T11:59:52 IST" duration-ms="1" status="PASS">
          <reporter-output>
          </reporter-output>
        </test-method> <!-- browserclose -->
      </class> <!-- FB_TestClass.Facebook_4TestClass -->
    </test> <!-- Default test -->
  </suite> <!-- Default suite -->
</testng-results>
